<?xml version="1.0" encoding="UTF-8"?>
<!-- Generated by org.testng.reporters.JUnitReportReporter -->
<testsuite hostname="LAPTOP-7LT3EJHN" failures="0" tests="3" name="devopsAssn.CrossBrowserTesting" time="72.837" errors="0" timestamp="2024-01-30T16:53:30 IST" skipped="0">
  <testcase classname="devopsAssn.CrossBrowserTesting" name="browserTest" time="22.531"/>
  <system-out/>
  <testcase classname="devopsAssn.CrossBrowserTesting" name="browserTest" time="23.428"/>
  <system-out/>
  <testcase classname="devopsAssn.CrossBrowserTesting" name="browserTest" time="26.878"/>
  <system-out/>
</testsuite> <!-- devopsAssn.CrossBrowserTesting -->
