<?xml version="1.0" encoding="UTF-8"?>
<!-- Generated by org.testng.reporters.JUnitReportReporter -->
<testsuite hostname="LAPTOP-7LT3EJHN" failures="0" tests="3" name="devopsAssn.CrossBrowserTesting" time="52.462" errors="0" timestamp="2024-01-30T15:22:04 IST" skipped="0">
  <testcase classname="devopsAssn.CrossBrowserTesting" name="browserTest" time="13.132"/>
  <system-out/>
  <testcase classname="devopsAssn.CrossBrowserTesting" name="browserTest" time="28.377"/>
  <system-out/>
  <testcase classname="devopsAssn.CrossBrowserTesting" name="browserTest" time="10.953"/>
  <system-out/>
</testsuite> <!-- devopsAssn.CrossBrowserTesting -->
