<?xml version="1.0" encoding="UTF-8"?>
<!-- Generated by org.testng.reporters.JUnitReportReporter -->
<testsuite hostname="LAPTOP-7LT3EJHN" failures="0" tests="3" name="devopsAssn.CrossBrowserTesting" time="38.700" errors="0" timestamp="2024-01-30T15:24:40 IST" skipped="0">
  <testcase classname="devopsAssn.CrossBrowserTesting" name="browserTest" time="12.149"/>
  <system-out/>
  <testcase classname="devopsAssn.CrossBrowserTesting" name="browserTest" time="11.291"/>
  <system-out/>
  <testcase classname="devopsAssn.CrossBrowserTesting" name="browserTest" time="15.260"/>
  <system-out/>
</testsuite> <!-- devopsAssn.CrossBrowserTesting -->
