<?xml version="1.0" encoding="UTF-8"?>
<!-- Generated by org.testng.reporters.JUnitReportReporter -->
<testsuite hostname="LAPTOP-7LT3EJHN" failures="0" tests="3" name="devopsAssn.CrossBrowserTesting" time="44.561" errors="0" timestamp="2024-01-30T16:45:20 IST" skipped="0">
  <testcase classname="devopsAssn.CrossBrowserTesting" name="browserTest" time="13.661"/>
  <system-out/>
  <testcase classname="devopsAssn.CrossBrowserTesting" name="browserTest" time="18.693"/>
  <system-out/>
  <testcase classname="devopsAssn.CrossBrowserTesting" name="browserTest" time="12.207"/>
  <system-out/>
</testsuite> <!-- devopsAssn.CrossBrowserTesting -->
